<?xml version="1.0" encoding="UTF-8"?>
<testng-results ignored="0" total="1" passed="1" failed="0" skipped="0">
  <reporter-output>
  </reporter-output>
  <suite started-at="2026-03-26T15:29:16 IST" name="Default suite" finished-at="2026-03-26T15:30:25 IST" duration-ms="68967">
    <groups>
    </groups>
    <test started-at="2026-03-26T15:29:16 IST" name="Default test" finished-at="2026-03-26T15:30:25 IST" duration-ms="68967">
      <class name="com.spotify.getData.GetSingers">
        <test-method signature="getData()[pri:0, instance:com.spotify.getData.GetSingers@29626d54]" started-at="2026-03-26T15:29:16 IST" name="getData" finished-at="2026-03-26T15:30:25 IST" duration-ms="68909" status="PASS">
          <reporter-output>
          </reporter-output>
        </test-method> <!-- getData -->
      </class> <!-- com.spotify.getData.GetSingers -->
    </test> <!-- Default test -->
  </suite> <!-- Default suite -->
</testng-results>
